c:\users\user\source\repos\winapicourseproject\winapicourseproject\debug\vc142.pdb
c:\users\user\source\repos\winapicourseproject\winapicourseproject\debug\vc142.idb
c:\users\user\source\repos\winapicourseproject\winapicourseproject\debug\source.obj
c:\users\user\source\repos\winapicourseproject\winapicourseproject\debug\edmondkarpalgorithm.obj
c:\users\user\source\repos\winapicourseproject\winapicourseproject\debug\winapicourseproject.res
c:\users\user\source\repos\winapicourseproject\debug\winapicourseproject.pdb
c:\users\user\source\repos\winapicourseproject\winapicourseproject\debug\winapico.4defea1b.tlog\cl.command.1.tlog
c:\users\user\source\repos\winapicourseproject\winapicourseproject\debug\winapico.4defea1b.tlog\cl.read.1.tlog
c:\users\user\source\repos\winapicourseproject\winapicourseproject\debug\winapico.4defea1b.tlog\cl.write.1.tlog
c:\users\user\source\repos\winapicourseproject\winapicourseproject\debug\winapico.4defea1b.tlog\link-cvtres.read.1.tlog
c:\users\user\source\repos\winapicourseproject\winapicourseproject\debug\winapico.4defea1b.tlog\link-cvtres.write.1.tlog
c:\users\user\source\repos\winapicourseproject\winapicourseproject\debug\winapico.4defea1b.tlog\link-rc.read.1.tlog
c:\users\user\source\repos\winapicourseproject\winapicourseproject\debug\winapico.4defea1b.tlog\link-rc.write.1.tlog
c:\users\user\source\repos\winapicourseproject\winapicourseproject\debug\winapico.4defea1b.tlog\link.9428-cvtres.read.1.tlog
c:\users\user\source\repos\winapicourseproject\winapicourseproject\debug\winapico.4defea1b.tlog\link.9428-cvtres.write.1.tlog
c:\users\user\source\repos\winapicourseproject\winapicourseproject\debug\winapico.4defea1b.tlog\link.9428-rc.read.1.tlog
c:\users\user\source\repos\winapicourseproject\winapicourseproject\debug\winapico.4defea1b.tlog\link.9428-rc.write.1.tlog
c:\users\user\source\repos\winapicourseproject\winapicourseproject\debug\winapico.4defea1b.tlog\link.9428.read.1.tlog
c:\users\user\source\repos\winapicourseproject\winapicourseproject\debug\winapico.4defea1b.tlog\link.9428.write.1.tlog
c:\users\user\source\repos\winapicourseproject\winapicourseproject\debug\winapico.4defea1b.tlog\link.command.1.tlog
c:\users\user\source\repos\winapicourseproject\winapicourseproject\debug\winapico.4defea1b.tlog\link.read.1.tlog
c:\users\user\source\repos\winapicourseproject\winapicourseproject\debug\winapico.4defea1b.tlog\link.write.1.tlog
c:\users\user\source\repos\winapicourseproject\winapicourseproject\debug\winapico.4defea1b.tlog\rc.command.1.tlog
c:\users\user\source\repos\winapicourseproject\winapicourseproject\debug\winapico.4defea1b.tlog\rc.read.1.tlog
c:\users\user\source\repos\winapicourseproject\winapicourseproject\debug\winapico.4defea1b.tlog\rc.write.1.tlog
